<?xml version="1.0" encoding="UTF-8"?>
<!-- Generated by org.testng.reporters.JUnitReportReporter -->
<testsuite hostname="Sulakhe-Family5" failures="0" tests="1" name="openinAppTest.affilinks" time="0.462" errors="0" timestamp="21 Jul 2024 11:58:18 GMT" skipped="0">
  <testcase classname="openinAppTest.affilinks" name="video" time="0.462"/>
</testsuite> <!-- openinAppTest.affilinks -->
