<?xml version="1.0" encoding="UTF-8"?>
<!-- Generated by org.testng.reporters.JUnitReportReporter -->
<testsuite hostname="Sulakhe-Family5" failures="0" tests="2" name="openinAppTest.topSecretLinks" time="0.392" errors="0" timestamp="21 Jul 2024 07:56:29 GMT" skipped="1">
  <testcase classname="openinAppTest.topSecretLinks" name="login" time="0.392"/>
  <testcase classname="openinAppTest.topSecretLinks" name="topSecretlinkHome">
    <skipped/>
  </testcase> <!-- topSecretlinkHome -->
</testsuite> <!-- openinAppTest.topSecretLinks -->
