<?xml version="1.0" encoding="UTF-8"?>
<!-- Generated by org.testng.reporters.JUnitReportReporter -->
<testsuite hostname="Sulakhe-Family5" failures="0" tests="3" name="openinAppTest.topSecretLinks" time="0.380" errors="0" timestamp="21 Jul 2024 11:46:26 GMT" skipped="2">
  <testcase classname="openinAppTest.topSecretLinks" name="affilinkHome" time="0.380"/>
  <testcase classname="openinAppTest.topSecretLinks" name="loginbtnCheck">
    <skipped/>
  </testcase> <!-- loginbtnCheck -->
  <testcase classname="openinAppTest.topSecretLinks" name="topSecretlinkHome">
    <skipped/>
  </testcase> <!-- topSecretlinkHome -->
</testsuite> <!-- openinAppTest.topSecretLinks -->
